[RustParser] Initializing Parser.init()...
[RustParser] Loading WASM from /home/satyajit/Documents/GitHub/OSS/project-2/node_modules/@vscode/tree-sitter-wasm/wasm/tree-sitter-rust.wasm...
[RustParser] WASM Buffer size: 1113644
[RustParser] Error during Tree-sitter parsing: The argument 'path' must be a string, Uint8Array, or URL without null bytes. Received <Buffer 00 61 73 6d 01 00 00 00 00 11 08 64 79 6c 69 6e 6b 2e 30 01 06 80 a9 42 04 07 00 01 29 08 60 01 7f 00 60 02 7f 7f 00 60 .... Falling back to regex.
[RustParser] Initializing Parser.init()...
[RustParser] Loading WASM from /home/satyajit/Documents/GitHub/OSS/project-2/node_modules/@vscode/tree-sitter-wasm/wasm/tree-sitter-rust.wasm...
[RustParser] WASM Buffer size: 1113644
[RustParser] Language loaded: true
[RustParser] Language set.
[RustParser] Initializing Parser.init()...
[RustParser] Loading WASM from /home/satyajit/Documents/GitHub/OSS/project-2/node_modules/@vscode/tree-sitter-wasm/wasm/tree-sitter-rust.wasm...
[RustParser] WASM Buffer size: 1113644
[RustParser] Language loaded: true
[RustParser] Language set.
[RustParser] Initializing Parser.init()...
[RustParser] Loading WASM from /home/satyajit/Documents/GitHub/OSS/project-2/node_modules/@vscode/tree-sitter-wasm/wasm/tree-sitter-rust.wasm...
[RustParser] WASM Buffer size: 1113644
[RustParser] Error during Tree-sitter parsing: The argument 'path' must be a string, Uint8Array, or URL without null bytes. Received <Buffer 00 61 73 6d 01 00 00 00 00 11 08 64 79 6c 69 6e 6b 2e 30 01 06 80 a9 42 04 07 00 01 29 08 60 01 7f 00 60 02 7f 7f 00 60 .... Falling back to regex.
[RustParser] Initializing Parser.init()...
[RustParser] Loading WASM from /home/satyajit/Documents/GitHub/OSS/project-2/node_modules/@vscode/tree-sitter-wasm/wasm/tree-sitter-rust.wasm...
[RustParser] WASM Buffer size: 1113644
[RustParser] Error during Tree-sitter parsing: The argument 'path' must be a string, Uint8Array, or URL without null bytes. Received <Buffer 00 61 73 6d 01 00 00 00 00 11 08 64 79 6c 69 6e 6b 2e 30 01 06 80 a9 42 04 07 00 01 29 08 60 01 7f 00 60 02 7f 7f 00 60 .... Falling back to regex.
[RustParser] Initializing Parser.init()...
[RustParser] Loading WASM from /home/satyajit/Documents/GitHub/OSS/project-2/node_modules/@vscode/tree-sitter-wasm/wasm/tree-sitter-rust.wasm...
[RustParser] WASM Buffer size: 1113644
[RustParser] Error during Tree-sitter parsing: The argument 'path' must be a string, Uint8Array, or URL without null bytes. Received <Buffer 00 61 73 6d 01 00 00 00 00 11 08 64 79 6c 69 6e 6b 2e 30 01 06 80 a9 42 04 07 00 01 29 08 60 01 7f 00 60 02 7f 7f 00 60 .... Falling back to regex.
[RustParser] Initializing Parser.init()...
[RustParser] Loading WASM from /home/satyajit/Documents/GitHub/OSS/project-2/node_modules/@vscode/tree-sitter-wasm/wasm/tree-sitter-rust.wasm...
[RustParser] WASM Buffer size: 1113644
[RustParser] Error during Tree-sitter parsing: The argument 'path' must be a string, Uint8Array, or URL without null bytes. Received <Buffer 00 61 73 6d 01 00 00 00 00 11 08 64 79 6c 69 6e 6b 2e 30 01 06 80 a9 42 04 07 00 01 29 08 60 01 7f 00 60 02 7f 7f 00 60 .... Falling back to regex.
[RustParser] Initializing Parser.init()...
[RustParser] Loading WASM from /home/satyajit/Documents/GitHub/OSS/project-2/node_modules/@vscode/tree-sitter-wasm/wasm/tree-sitter-rust.wasm...
[RustParser] WASM Buffer size: 1113644
[RustParser] Language loaded: true
[RustParser] Language set.
[RustParser] Initializing Parser.init()...
[RustParser] Loading WASM from /home/satyajit/Documents/GitHub/OSS/project-2/node_modules/@vscode/tree-sitter-wasm/wasm/tree-sitter-rust.wasm...
[RustParser] WASM Buffer size: 1113644
[RustParser] Language loaded: true
[RustParser] Language set.
[RustParser] Error during Tree-sitter parsing: Incompatible language version 0. Compatibility range 13 through 15.. Falling back to regex.
